[INFO] Scanning for projects...
[INFO] 
[INFO] ------------------------< org.example:revhire >-------------------------
[INFO] Building revhire 0.0.1-SNAPSHOT
[INFO]   from pom.xml
[INFO] --------------------------------[ jar ]---------------------------------
[INFO] 
[INFO] >>> spring-boot:3.2.2:run (default-cli) > test-compile @ revhire >>>
[INFO] 
[INFO] --- jacoco:0.8.13:prepare-agent (default) @ revhire ---
[INFO] argLine set to "-javaagent:C:\\Users\\Krishna kishore\\.m2\\repository\\org\\jacoco\\org.jacoco.agent\\0.8.13\\org.jacoco.agent-0.8.13-runtime.jar=destfile=C:\\Users\\Krishna kishore\\OneDrive\\Desktop\\REVHIRE_ANTIGRATIVITY\\PR2\\Backend\\target\\jacoco.exec,includes=org/example/revhire/**"
[INFO] 
[INFO] --- resources:3.3.1:resources (default-resources) @ revhire ---
[INFO] Copying 1 resource from src\main\resources to target\classes
[INFO] Copying 0 resource from src\main\resources to target\classes
[INFO] 
[INFO] --- compiler:3.11.0:compile (default-compile) @ revhire ---
[INFO] Nothing to compile - all classes are up to date
[INFO] 
[INFO] --- resources:3.3.1:testResources (default-testResources) @ revhire ---
[INFO] skip non existing resourceDirectory C:\Users\Krishna kishore\OneDrive\Desktop\REVHIRE_ANTIGRATIVITY\PR2\Backend\src\test\resources
[INFO] 
[INFO] --- compiler:3.11.0:testCompile (default-testCompile) @ revhire ---
[INFO] Nothing to compile - all classes are up to date
[INFO] 
[INFO] <<< spring-boot:3.2.2:run (default-cli) < test-compile @ revhire <<<
[INFO] 
[INFO] 
[INFO] --- spring-boot:3.2.2:run (default-cli) @ revhire ---
[INFO] Attaching agents: []

  .   ____          _            __ _ _
 /\\ / ___'_ __ _ _(_)_ __  __ _ \ \ \ \
( ( )\___ | '_ | '_| | '_ \/ _` | \ \ \ \
 \\/  ___)| |_)| | | | | || (_| |  ) ) ) )
  '  |____| .__|_| |_|_| |_\__, | / / / /
 =========|_|==============|___/=/_/_/_/
 :: Spring Boot ::                (v3.2.2)

2026-03-08T23:10:42.273+05:30  INFO 29060 --- [RevHire] [           main] org.example.revhire.RevHireApplication   : Starting RevHireApplication using Java 21.0.10 with PID 29060 (C:\Users\Krishna kishore\OneDrive\Desktop\REVHIRE_ANTIGRATIVITY\PR2\Backend\target\classes started by Krishna kishore in C:\Users\Krishna kishore\OneDrive\Desktop\REVHIRE_ANTIGRATIVITY\PR2\Backend)
2026-03-08T23:10:42.277+05:30  INFO 29060 --- [RevHire] [           main] org.example.revhire.RevHireApplication   : No active profile set, falling back to 1 default profile: "default"
2026-03-08T23:10:44.801+05:30  INFO 29060 --- [RevHire] [           main] .s.d.r.c.RepositoryConfigurationDelegate : Bootstrapping Spring Data JPA repositories in DEFAULT mode.
2026-03-08T23:10:45.092+05:30  INFO 29060 --- [RevHire] [           main] .s.d.r.c.RepositoryConfigurationDelegate : Finished Spring Data repository scanning in 271 ms. Found 18 JPA repository interfaces.
2026-03-08T23:10:47.266+05:30  INFO 29060 --- [RevHire] [           main] o.s.b.w.embedded.tomcat.TomcatWebServer  : Tomcat initialized with port 8080 (http)
2026-03-08T23:10:47.304+05:30  INFO 29060 --- [RevHire] [           main] o.apache.catalina.core.StandardService   : Starting service [Tomcat]
2026-03-08T23:10:47.305+05:30  INFO 29060 --- [RevHire] [           main] o.apache.catalina.core.StandardEngine    : Starting Servlet engine: [Apache Tomcat/10.1.18]
2026-03-08T23:10:47.567+05:30  INFO 29060 --- [RevHire] [           main] o.a.c.c.C.[Tomcat].[localhost].[/]       : Initializing Spring embedded WebApplicationContext
2026-03-08T23:10:47.570+05:30  INFO 29060 --- [RevHire] [           main] w.s.c.ServletWebServerApplicationContext : Root WebApplicationContext: initialization completed in 5176 ms
2026-03-08T23:10:48.436+05:30  INFO 29060 --- [RevHire] [           main] o.hibernate.jpa.internal.util.LogHelper  : HHH000204: Processing PersistenceUnitInfo [name: default]
2026-03-08T23:10:48.592+05:30  INFO 29060 --- [RevHire] [           main] org.hibernate.Version                    : HHH000412: Hibernate ORM core version 6.4.1.Final
2026-03-08T23:10:48.690+05:30  INFO 29060 --- [RevHire] [           main] o.h.c.internal.RegionFactoryInitiator    : HHH000026: Second-level cache disabled
2026-03-08T23:10:49.213+05:30  INFO 29060 --- [RevHire] [           main] o.s.o.j.p.SpringPersistenceUnitInfo      : No LoadTimeWeaver setup: ignoring JPA class transformer
2026-03-08T23:10:49.281+05:30  INFO 29060 --- [RevHire] [           main] com.zaxxer.hikari.HikariDataSource       : HikariPool-1 - Starting...
2026-03-08T23:10:50.486+05:30  INFO 29060 --- [RevHire] [           main] com.zaxxer.hikari.pool.HikariPool        : HikariPool-1 - Added connection com.mysql.cj.jdbc.ConnectionImpl@af04f09
2026-03-08T23:10:50.492+05:30  INFO 29060 --- [RevHire] [           main] com.zaxxer.hikari.HikariDataSource       : HikariPool-1 - Start completed.
2026-03-08T23:10:50.650+05:30  WARN 29060 --- [RevHire] [           main] org.hibernate.orm.deprecation            : HHH90000025: MySQLDialect does not need to be specified explicitly using 'hibernate.dialect' (remove the property setting and it will be selected by default)
2026-03-08T23:10:52.606+05:30  INFO 29060 --- [RevHire] [           main] o.h.e.t.j.p.i.JtaPlatformInitiator       : HHH000489: No JTA platform available (set 'hibernate.transaction.jta.platform' to enable JTA platform integration)
2026-03-08T23:10:53.416+05:30  INFO 29060 --- [RevHire] [           main] j.LocalContainerEntityManagerFactoryBean : Initialized JPA EntityManagerFactory for persistence unit 'default'
2026-03-08T23:10:54.670+05:30  INFO 29060 --- [RevHire] [           main] o.s.d.j.r.query.QueryEnhancerFactory     : Hibernate is in classpath; If applicable, HQL parser will be used.
2026-03-08T23:10:56.577+05:30  WARN 29060 --- [RevHire] [           main] JpaBaseConfiguration$JpaWebConfiguration : spring.jpa.open-in-view is enabled by default. Therefore, database queries may be performed during view rendering. Explicitly configure spring.jpa.open-in-view to disable this warning
2026-03-08T23:10:58.200+05:30  INFO 29060 --- [RevHire] [           main] o.s.b.a.e.web.EndpointLinksResolver      : Exposing 1 endpoint(s) beneath base path '/actuator'
2026-03-08T23:10:58.422+05:30  INFO 29060 --- [RevHire] [           main] o.s.s.web.DefaultSecurityFilterChain     : Will secure any request with [org.springframework.security.web.session.DisableEncodeUrlFilter@1a8cf1e4, org.springframework.security.web.context.request.async.WebAsyncManagerIntegrationFilter@22e7efe, org.springframework.security.web.context.SecurityContextHolderFilter@4e6eb11d, org.springframework.security.web.header.HeaderWriterFilter@318d491, org.springframework.web.filter.CorsFilter@4c264aed, org.springframework.security.web.authentication.logout.LogoutFilter@cda6100, org.example.revhire.config.JwtAuthenticationFilter@42210d27, org.springframework.security.web.savedrequest.RequestCacheAwareFilter@4611fe60, org.springframework.security.web.servletapi.SecurityContextHolderAwareRequestFilter@2690d8ad, org.springframework.security.web.authentication.AnonymousAuthenticationFilter@5056e33f, org.springframework.security.web.session.SessionManagementFilter@45c20d8f, org.springframework.security.web.access.ExceptionTranslationFilter@95a02c0, org.springframework.security.web.access.intercept.AuthorizationFilter@6404c85f]
2026-03-08T23:11:00.322+05:30  INFO 29060 --- [RevHire] [           main] o.s.b.w.embedded.tomcat.TomcatWebServer  : Tomcat started on port 8080 (http) with context path ''
2026-03-08T23:11:00.353+05:30  INFO 29060 --- [RevHire] [           main] org.example.revhire.RevHireApplication   : Started RevHireApplication in 19.001 seconds (process running for 20.053)
2026-03-08T23:11:25.331+05:30  INFO 29060 --- [RevHire] [nio-8080-exec-1] o.a.c.c.C.[Tomcat].[localhost].[/]       : Initializing Spring DispatcherServlet 'dispatcherServlet'
2026-03-08T23:11:25.332+05:30  INFO 29060 --- [RevHire] [nio-8080-exec-1] o.s.web.servlet.DispatcherServlet        : Initializing Servlet 'dispatcherServlet'
2026-03-08T23:11:25.338+05:30  INFO 29060 --- [RevHire] [nio-8080-exec-1] o.s.web.servlet.DispatcherServlet        : Completed initialization in 6 ms
Hibernate: 
    select
        u1_0.id,
        u1_0.created_at,
        u1_0.email,
        u1_0.is_active,
        u1_0.location,
        u1_0.name,
        u1_0.password,
        u1_0.phone,
        u1_0.role,
        u1_0.security_answer,
        u1_0.security_question 
    from
        users u1_0 
    where
        u1_0.email=?
Hibernate: 
    select
        n1_0.id,
        n1_0.created_at,
        n1_0.created_by,
        n1_0.is_read,
        n1_0.message,
        n1_0.type,
        n1_0.updated_at,
        n1_0.updated_by,
        n1_0.user_id 
    from
        notifications n1_0 
    left join
        users u1_0 
            on u1_0.id=n1_0.user_id 
    where
        u1_0.id=? 
    order by
        n1_0.created_at desc
Hibernate: 
    select
        u1_0.id,
        u1_0.created_at,
        u1_0.email,
        u1_0.is_active,
        u1_0.location,
        u1_0.name,
        u1_0.password,
        u1_0.phone,
        u1_0.role,
        u1_0.security_answer,
        u1_0.security_question 
    from
        users u1_0 
    where
        u1_0.email=?
Hibernate: 
    select
        n1_0.id,
        n1_0.created_at,
        n1_0.created_by,
        n1_0.is_read,
        n1_0.message,
        n1_0.type,
        n1_0.updated_at,
        n1_0.updated_by,
        n1_0.user_id 
    from
        notifications n1_0 
    left join
        users u1_0 
            on u1_0.id=n1_0.user_id 
    where
        u1_0.id=? 
    order by
        n1_0.created_at desc
Hibernate: 
    select
        u1_0.id,
        u1_0.created_at,
        u1_0.email,
        u1_0.is_active,
        u1_0.location,
        u1_0.name,
        u1_0.password,
        u1_0.phone,
        u1_0.role,
        u1_0.security_answer,
        u1_0.security_question 
    from
        users u1_0 
    where
        u1_0.email=?
Hibernate: 
    select
        u1_0.id,
        u1_0.created_at,
        u1_0.email,
        u1_0.is_active,
        u1_0.location,
        u1_0.name,
        u1_0.password,
        u1_0.phone,
        u1_0.role,
        u1_0.security_answer,
        u1_0.security_question 
    from
        users u1_0 
    where
        u1_0.email=?
Hibernate: 
    select
        n1_0.id,
        n1_0.created_at,
        n1_0.created_by,
        n1_0.is_read,
        n1_0.message,
        n1_0.type,
        n1_0.updated_at,
        n1_0.updated_by,
        n1_0.user_id 
    from
        notifications n1_0 
    left join
        users u1_0 
            on u1_0.id=n1_0.user_id 
    where
        u1_0.id=? 
    order by
        n1_0.created_at desc
Hibernate: 
    select
        u1_0.id,
        u1_0.created_at,
        u1_0.email,
        u1_0.is_active,
        u1_0.location,
        u1_0.name,
        u1_0.password,
        u1_0.phone,
        u1_0.role,
        u1_0.security_answer,
        u1_0.security_question 
    from
        users u1_0 
    where
        u1_0.email=?
Hibernate: 
    select
        n1_0.id,
        n1_0.created_at,
        n1_0.created_by,
        n1_0.is_read,
        n1_0.message,
        n1_0.type,
        n1_0.updated_at,
        n1_0.updated_by,
        n1_0.user_id 
    from
        notifications n1_0 
    left join
        users u1_0 
            on u1_0.id=n1_0.user_id 
    where
        u1_0.id=? 
    order by
        n1_0.created_at desc
Hibernate: 
    select
        n1_0.id,
        n1_0.created_at,
        n1_0.created_by,
        n1_0.is_read,
        n1_0.message,
        n1_0.type,
        n1_0.updated_at,
        n1_0.updated_by,
        n1_0.user_id 
    from
        notifications n1_0
Hibernate: 
    select
        u1_0.id,
        u1_0.created_at,
        u1_0.email,
        u1_0.is_active,
        u1_0.location,
        u1_0.name,
        u1_0.password,
        u1_0.phone,
        u1_0.role,
        u1_0.security_answer,
        u1_0.security_question 
    from
        users u1_0 
    where
        u1_0.email=?
Hibernate: 
    select
        u1_0.id,
        u1_0.created_at,
        u1_0.email,
        u1_0.is_active,
        u1_0.location,
        u1_0.name,
        u1_0.password,
        u1_0.phone,
        u1_0.role,
        u1_0.security_answer,
        u1_0.security_question 
    from
        users u1_0 
    where
        u1_0.email=?
Hibernate: 
    select
        n1_0.id,
        n1_0.created_at,
        n1_0.created_by,
        n1_0.is_read,
        n1_0.message,
        n1_0.type,
        n1_0.updated_at,
        n1_0.updated_by,
        n1_0.user_id 
    from
        notifications n1_0 
    left join
        users u1_0 
            on u1_0.id=n1_0.user_id 
    where
        u1_0.id=? 
    order by
        n1_0.created_at desc
Hibernate: 
    select
        a1_0.id,
        a1_0.applied_at,
        a1_0.cover_letter,
        a1_0.job_id,
        a1_0.resume_file_id,
        a1_0.seeker_id,
        a1_0.status 
    from
        applications a1_0 
    left join
        users s1_0 
            on s1_0.id=a1_0.seeker_id 
    where
        s1_0.id=?
Hibernate: 
    select
        j1_0.id,
        j1_0.created_at,
        j1_0.created_by,
        j1_0.deadline,
        j1_0.description,
        j1_0.employer_id,
        j1_0.experience_years,
        j1_0.job_type,
        j1_0.location,
        j1_0.max_experience_years,
        j1_0.openings,
        j1_0.required_education_level,
        j1_0.requirements,
        j1_0.salary_max,
        j1_0.salary_min,
        j1_0.skills_required,
        j1_0.status,
        j1_0.title,
        j1_0.updated_at,
        j1_0.updated_by 
    from
        jobs j1_0 
    where
        j1_0.id=?
Hibernate: 
    select
        u1_0.id,
        u1_0.created_at,
        u1_0.email,
        u1_0.is_active,
        u1_0.location,
        u1_0.name,
        u1_0.password,
        u1_0.phone,
        u1_0.role,
        u1_0.security_answer,
        u1_0.security_question 
    from
        users u1_0 
    where
        u1_0.id=?
Hibernate: 
    select
        j1_0.id,
        j1_0.created_at,
        j1_0.created_by,
        j1_0.deadline,
        j1_0.description,
        j1_0.employer_id,
        j1_0.experience_years,
        j1_0.job_type,
        j1_0.location,
        j1_0.max_experience_years,
        j1_0.openings,
        j1_0.required_education_level,
        j1_0.requirements,
        j1_0.salary_max,
        j1_0.salary_min,
        j1_0.skills_required,
        j1_0.status,
        j1_0.title,
        j1_0.updated_at,
        j1_0.updated_by 
    from
        jobs j1_0 
    where
        j1_0.id=?
Hibernate: 
    select
        u1_0.id,
        u1_0.created_at,
        u1_0.email,
        u1_0.is_active,
        u1_0.location,
        u1_0.name,
        u1_0.password,
        u1_0.phone,
        u1_0.role,
        u1_0.security_answer,
        u1_0.security_question 
    from
        users u1_0 
    where
        u1_0.email=?
Hibernate: 
    select
        n1_0.id,
        n1_0.created_at,
        n1_0.created_by,
        n1_0.is_read,
        n1_0.message,
        n1_0.type,
        n1_0.updated_at,
        n1_0.updated_by,
        n1_0.user_id 
    from
        notifications n1_0 
    left join
        users u1_0 
            on u1_0.id=n1_0.user_id 
    where
        u1_0.id=? 
    order by
        n1_0.created_at desc
Hibernate: 
    select
        u1_0.id,
        u1_0.created_at,
        u1_0.email,
        u1_0.is_active,
        u1_0.location,
        u1_0.name,
        u1_0.password,
        u1_0.phone,
        u1_0.role,
        u1_0.security_answer,
        u1_0.security_question 
    from
        users u1_0 
    where
        u1_0.email=?
Hibernate: 
    select
        u1_0.id,
        u1_0.created_at,
        u1_0.email,
        u1_0.is_active,
        u1_0.location,
        u1_0.name,
        u1_0.password,
        u1_0.phone,
        u1_0.role,
        u1_0.security_answer,
        u1_0.security_question 
    from
        users u1_0 
    where
        u1_0.email=?
Hibernate: 
    select
        n1_0.id,
        n1_0.created_at,
        n1_0.created_by,
        n1_0.is_read,
        n1_0.message,
        n1_0.type,
        n1_0.updated_at,
        n1_0.updated_by,
        n1_0.user_id 
    from
        notifications n1_0 
    left join
        users u1_0 
            on u1_0.id=n1_0.user_id 
    where
        u1_0.id=? 
    order by
        n1_0.created_at desc
Hibernate: 
    select
        u1_0.id,
        u1_0.created_at,
        u1_0.email,
        u1_0.is_active,
        u1_0.location,
        u1_0.name,
        u1_0.password,
        u1_0.phone,
        u1_0.role,
        u1_0.security_answer,
        u1_0.security_question 
    from
        users u1_0 
    where
        u1_0.email=?
Hibernate: 
    select
        n1_0.id,
        n1_0.created_at,
        n1_0.created_by,
        n1_0.is_read,
        n1_0.message,
        n1_0.type,
        n1_0.updated_at,
        n1_0.updated_by,
        n1_0.user_id 
    from
        notifications n1_0
Hibernate: 
    select
        n1_0.id,
        n1_0.created_at,
        n1_0.created_by,
        n1_0.is_read,
        n1_0.message,
        n1_0.type,
        n1_0.updated_at,
        n1_0.updated_by,
        n1_0.user_id 
    from
        notifications n1_0 
    left join
        users u1_0 
            on u1_0.id=n1_0.user_id 
    where
        u1_0.id=? 
    order by
        n1_0.created_at desc
Hibernate: 
    select
        u1_0.id,
        u1_0.created_at,
        u1_0.email,
        u1_0.is_active,
        u1_0.location,
        u1_0.name,
        u1_0.password,
        u1_0.phone,
        u1_0.role,
        u1_0.security_answer,
        u1_0.security_question 
    from
        users u1_0 
    where
        u1_0.email=?
Hibernate: 
    select
        a1_0.id,
        a1_0.applied_at,
        a1_0.cover_letter,
        a1_0.job_id,
        a1_0.resume_file_id,
        a1_0.seeker_id,
        a1_0.status 
    from
        applications a1_0 
    left join
        users s1_0 
            on s1_0.id=a1_0.seeker_id 
    where
        s1_0.id=?
Hibernate: 
    select
        j1_0.id,
        j1_0.created_at,
        j1_0.created_by,
        j1_0.deadline,
        j1_0.description,
        j1_0.employer_id,
        j1_0.experience_years,
        j1_0.job_type,
        j1_0.location,
        j1_0.max_experience_years,
        j1_0.openings,
        j1_0.required_education_level,
        j1_0.requirements,
        j1_0.salary_max,
        j1_0.salary_min,
        j1_0.skills_required,
        j1_0.status,
        j1_0.title,
        j1_0.updated_at,
        j1_0.updated_by 
    from
        jobs j1_0 
    where
        j1_0.id=?
Hibernate: 
    select
        u1_0.id,
        u1_0.created_at,
        u1_0.email,
        u1_0.is_active,
        u1_0.location,
        u1_0.name,
        u1_0.password,
        u1_0.phone,
        u1_0.role,
        u1_0.security_answer,
        u1_0.security_question 
    from
        users u1_0 
    where
        u1_0.id=?
Hibernate: 
    select
        j1_0.id,
        j1_0.created_at,
        j1_0.created_by,
        j1_0.deadline,
        j1_0.description,
        j1_0.employer_id,
        j1_0.experience_years,
        j1_0.job_type,
        j1_0.location,
        j1_0.max_experience_years,
        j1_0.openings,
        j1_0.required_education_level,
        j1_0.requirements,
        j1_0.salary_max,
        j1_0.salary_min,
        j1_0.skills_required,
        j1_0.status,
        j1_0.title,
        j1_0.updated_at,
        j1_0.updated_by 
    from
        jobs j1_0 
    where
        j1_0.id=?
Hibernate: 
    select
        u1_0.id,
        u1_0.created_at,
        u1_0.email,
        u1_0.is_active,
        u1_0.location,
        u1_0.name,
        u1_0.password,
        u1_0.phone,
        u1_0.role,
        u1_0.security_answer,
        u1_0.security_question 
    from
        users u1_0 
    where
        u1_0.email=?
Hibernate: 
    select
        n1_0.id,
        n1_0.created_at,
        n1_0.created_by,
        n1_0.is_read,
        n1_0.message,
        n1_0.type,
        n1_0.updated_at,
        n1_0.updated_by,
        n1_0.user_id 
    from
        notifications n1_0 
    left join
        users u1_0 
            on u1_0.id=n1_0.user_id 
    where
        u1_0.id=? 
    order by
        n1_0.created_at desc
Hibernate: 
    select
        u1_0.id,
        u1_0.created_at,
        u1_0.email,
        u1_0.is_active,
        u1_0.location,
        u1_0.name,
        u1_0.password,
        u1_0.phone,
        u1_0.role,
        u1_0.security_answer,
        u1_0.security_question 
    from
        users u1_0 
    where
        u1_0.email=?
Hibernate: 
    select
        n1_0.id,
        n1_0.created_at,
        n1_0.created_by,
        n1_0.is_read,
        n1_0.message,
        n1_0.type,
        n1_0.updated_at,
        n1_0.updated_by,
        n1_0.user_id 
    from
        notifications n1_0 
    left join
        users u1_0 
            on u1_0.id=n1_0.user_id 
    where
        u1_0.id=? 
    order by
        n1_0.created_at desc
Hibernate: 
    select
        u1_0.id,
        u1_0.created_at,
        u1_0.email,
        u1_0.is_active,
        u1_0.location,
        u1_0.name,
        u1_0.password,
        u1_0.phone,
        u1_0.role,
        u1_0.security_answer,
        u1_0.security_question 
    from
        users u1_0 
    where
        u1_0.email=?
Hibernate: 
    select
        u1_0.id,
        u1_0.created_at,
        u1_0.email,
        u1_0.is_active,
        u1_0.location,
        u1_0.name,
        u1_0.password,
        u1_0.phone,
        u1_0.role,
        u1_0.security_answer,
        u1_0.security_question 
    from
        users u1_0 
    where
        u1_0.email=?
Hibernate: 
    select
        n1_0.id,
        n1_0.created_at,
        n1_0.created_by,
        n1_0.is_read,
        n1_0.message,
        n1_0.type,
        n1_0.updated_at,
        n1_0.updated_by,
        n1_0.user_id 
    from
        notifications n1_0 
    left join
        users u1_0 
            on u1_0.id=n1_0.user_id 
    where
        u1_0.id=? 
    order by
        n1_0.created_at desc
Hibernate: 
    select
        n1_0.id,
        n1_0.created_at,
        n1_0.created_by,
        n1_0.is_read,
        n1_0.message,
        n1_0.type,
        n1_0.updated_at,
        n1_0.updated_by,
        n1_0.user_id 
    from
        notifications n1_0
Hibernate: 
    select
        u1_0.id,
        u1_0.created_at,
        u1_0.email,
        u1_0.is_active,
        u1_0.location,
        u1_0.name,
        u1_0.password,
        u1_0.phone,
        u1_0.role,
        u1_0.security_answer,
        u1_0.security_question 
    from
        users u1_0 
    where
        u1_0.email=?
Hibernate: 
    select
        n1_0.id,
        n1_0.created_at,
        n1_0.created_by,
        n1_0.is_read,
        n1_0.message,
        n1_0.type,
        n1_0.updated_at,
        n1_0.updated_by,
        n1_0.user_id 
    from
        notifications n1_0 
    left join
        users u1_0 
            on u1_0.id=n1_0.user_id 
    where
        u1_0.id=? 
    order by
        n1_0.created_at desc
Hibernate: 
    select
        u1_0.id,
        u1_0.created_at,
        u1_0.email,
        u1_0.is_active,
        u1_0.location,
        u1_0.name,
        u1_0.password,
        u1_0.phone,
        u1_0.role,
        u1_0.security_answer,
        u1_0.security_question 
    from
        users u1_0 
    where
        u1_0.email=?
Hibernate: 
    select
        u1_0.id,
        u1_0.created_at,
        u1_0.email,
        u1_0.is_active,
        u1_0.location,
        u1_0.name,
        u1_0.password,
        u1_0.phone,
        u1_0.role,
        u1_0.security_answer,
        u1_0.security_question 
    from
        users u1_0 
    where
        u1_0.email=?
Hibernate: 
    select
        n1_0.id,
        n1_0.created_at,
        n1_0.created_by,
        n1_0.is_read,
        n1_0.message,
        n1_0.type,
        n1_0.updated_at,
        n1_0.updated_by,
        n1_0.user_id 
    from
        notifications n1_0 
    left join
        users u1_0 
            on u1_0.id=n1_0.user_id 
    where
        u1_0.id=? 
    order by
        n1_0.created_at desc
Hibernate: 
    select
        a1_0.id,
        a1_0.applied_at,
        a1_0.cover_letter,
        a1_0.job_id,
        a1_0.resume_file_id,
        a1_0.seeker_id,
        a1_0.status 
    from
        applications a1_0 
    left join
        users s1_0 
            on s1_0.id=a1_0.seeker_id 
    where
        s1_0.id=?
Hibernate: 
    select
        u1_0.id,
        u1_0.created_at,
        u1_0.email,
        u1_0.is_active,
        u1_0.location,
        u1_0.name,
        u1_0.password,
        u1_0.phone,
        u1_0.role,
        u1_0.security_answer,
        u1_0.security_question 
    from
        users u1_0 
    where
        u1_0.email=?
Hibernate: 
    select
        j1_0.id,
        j1_0.created_at,
        j1_0.created_by,
        j1_0.deadline,
        j1_0.description,
        j1_0.employer_id,
        j1_0.experience_years,
        j1_0.job_type,
        j1_0.location,
        j1_0.max_experience_years,
        j1_0.openings,
        j1_0.required_education_level,
        j1_0.requirements,
        j1_0.salary_max,
        j1_0.salary_min,
        j1_0.skills_required,
        j1_0.status,
        j1_0.title,
        j1_0.updated_at,
        j1_0.updated_by 
    from
        jobs j1_0 
    where
        j1_0.id=?
Hibernate: 
    select
        u1_0.id,
        u1_0.created_at,
        u1_0.email,
        u1_0.is_active,
        u1_0.location,
        u1_0.name,
        u1_0.password,
        u1_0.phone,
        u1_0.role,
        u1_0.security_answer,
        u1_0.security_question 
    from
        users u1_0 
    where
        u1_0.id=?
Hibernate: 
    select
        j1_0.id,
        j1_0.created_at,
        j1_0.created_by,
        j1_0.deadline,
        j1_0.description,
        j1_0.employer_id,
        j1_0.experience_years,
        j1_0.job_type,
        j1_0.location,
        j1_0.max_experience_years,
        j1_0.openings,
        j1_0.required_education_level,
        j1_0.requirements,
        j1_0.salary_max,
        j1_0.salary_min,
        j1_0.skills_required,
        j1_0.status,
        j1_0.title,
        j1_0.updated_at,
        j1_0.updated_by 
    from
        jobs j1_0 
    where
        j1_0.id=?
Hibernate: 
    select
        n1_0.id,
        n1_0.created_at,
        n1_0.created_by,
        n1_0.is_read,
        n1_0.message,
        n1_0.type,
        n1_0.updated_at,
        n1_0.updated_by,
        n1_0.user_id 
    from
        notifications n1_0 
    left join
        users u1_0 
            on u1_0.id=n1_0.user_id 
    where
        u1_0.id=? 
    order by
        n1_0.created_at desc
Hibernate: 
    select
        u1_0.id,
        u1_0.created_at,
        u1_0.email,
        u1_0.is_active,
        u1_0.location,
        u1_0.name,
        u1_0.password,
        u1_0.phone,
        u1_0.role,
        u1_0.security_answer,
        u1_0.security_question 
    from
        users u1_0 
    where
        u1_0.email=?
Hibernate: 
    select
        u1_0.id,
        u1_0.created_at,
        u1_0.email,
        u1_0.is_active,
        u1_0.location,
        u1_0.name,
        u1_0.password,
        u1_0.phone,
        u1_0.role,
        u1_0.security_answer,
        u1_0.security_question 
    from
        users u1_0 
    where
        u1_0.email=?
Hibernate: 
    select
        n1_0.id,
        n1_0.created_at,
        n1_0.created_by,
        n1_0.is_read,
        n1_0.message,
        n1_0.type,
        n1_0.updated_at,
        n1_0.updated_by,
        n1_0.user_id 
    from
        notifications n1_0
Hibernate: 
    select
        n1_0.id,
        n1_0.created_at,
        n1_0.created_by,
        n1_0.is_read,
        n1_0.message,
        n1_0.type,
        n1_0.updated_at,
        n1_0.updated_by,
        n1_0.user_id 
    from
        notifications n1_0 
    left join
        users u1_0 
            on u1_0.id=n1_0.user_id 
    where
        u1_0.id=? 
    order by
        n1_0.created_at desc
Hibernate: 
    select
        u1_0.id,
        u1_0.created_at,
        u1_0.email,
        u1_0.is_active,
        u1_0.location,
        u1_0.name,
        u1_0.password,
        u1_0.phone,
        u1_0.role,
        u1_0.security_answer,
        u1_0.security_question 
    from
        users u1_0 
    where
        u1_0.email=?
Hibernate: 
    select
        n1_0.id,
        n1_0.created_at,
        n1_0.created_by,
        n1_0.is_read,
        n1_0.message,
        n1_0.type,
        n1_0.updated_at,
        n1_0.updated_by,
        n1_0.user_id 
    from
        notifications n1_0 
    left join
        users u1_0 
            on u1_0.id=n1_0.user_id 
    where
        u1_0.id=? 
    order by
        n1_0.created_at desc
Hibernate: 
    select
        u1_0.id,
        u1_0.created_at,
        u1_0.email,
        u1_0.is_active,
        u1_0.location,
        u1_0.name,
        u1_0.password,
        u1_0.phone,
        u1_0.role,
        u1_0.security_answer,
        u1_0.security_question 
    from
        users u1_0 
    where
        u1_0.email=?
Hibernate: 
    select
        n1_0.id,
        n1_0.created_at,
        n1_0.created_by,
        n1_0.is_read,
        n1_0.message,
        n1_0.type,
        n1_0.updated_at,
        n1_0.updated_by,
        n1_0.user_id 
    from
        notifications n1_0 
    left join
        users u1_0 
            on u1_0.id=n1_0.user_id 
    where
        u1_0.id=? 
    order by
        n1_0.created_at desc
Hibernate: 
    select
        u1_0.id,
        u1_0.created_at,
        u1_0.email,
        u1_0.is_active,
        u1_0.location,
        u1_0.name,
        u1_0.password,
        u1_0.phone,
        u1_0.role,
        u1_0.security_answer,
        u1_0.security_question 
    from
        users u1_0 
    where
        u1_0.email=?
Hibernate: 
    select
        u1_0.id,
        u1_0.created_at,
        u1_0.email,
        u1_0.is_active,
        u1_0.location,
        u1_0.name,
        u1_0.password,
        u1_0.phone,
        u1_0.role,
        u1_0.security_answer,
        u1_0.security_question 
    from
        users u1_0 
    where
        u1_0.email=?
Hibernate: 
    select
        n1_0.id,
        n1_0.created_at,
        n1_0.created_by,
        n1_0.is_read,
        n1_0.message,
        n1_0.type,
        n1_0.updated_at,
        n1_0.updated_by,
        n1_0.user_id 
    from
        notifications n1_0 
    left join
        users u1_0 
            on u1_0.id=n1_0.user_id 
    where
        u1_0.id=? 
    order by
        n1_0.created_at desc
Hibernate: 
    select
        n1_0.id,
        n1_0.created_at,
        n1_0.created_by,
        n1_0.is_read,
        n1_0.message,
        n1_0.type,
        n1_0.updated_at,
        n1_0.updated_by,
        n1_0.user_id 
    from
        notifications n1_0
Hibernate: 
    select
        u1_0.id,
        u1_0.created_at,
        u1_0.email,
        u1_0.is_active,
        u1_0.location,
        u1_0.name,
        u1_0.password,
        u1_0.phone,
        u1_0.role,
        u1_0.security_answer,
        u1_0.security_question 
    from
        users u1_0 
    where
        u1_0.email=?
Hibernate: 
    select
        n1_0.id,
        n1_0.created_at,
        n1_0.created_by,
        n1_0.is_read,
        n1_0.message,
        n1_0.type,
        n1_0.updated_at,
        n1_0.updated_by,
        n1_0.user_id 
    from
        notifications n1_0 
    left join
        users u1_0 
            on u1_0.id=n1_0.user_id 
    where
        u1_0.id=? 
    order by
        n1_0.created_at desc
Hibernate: 
    select
        u1_0.id,
        u1_0.created_at,
        u1_0.email,
        u1_0.is_active,
        u1_0.location,
        u1_0.name,
        u1_0.password,
        u1_0.phone,
        u1_0.role,
        u1_0.security_answer,
        u1_0.security_question 
    from
        users u1_0 
    where
        u1_0.email=?
Hibernate: 
    select
        n1_0.id,
        n1_0.created_at,
        n1_0.created_by,
        n1_0.is_read,
        n1_0.message,
        n1_0.type,
        n1_0.updated_at,
        n1_0.updated_by,
        n1_0.user_id 
    from
        notifications n1_0 
    left join
        users u1_0 
            on u1_0.id=n1_0.user_id 
    where
        u1_0.id=? 
    order by
        n1_0.created_at desc
[INFO] ------------------------------------------------------------------------
[INFO] BUILD FAILURE
[INFO] ------------------------------------------------------------------------
[INFO] Total time:  10:46 min
[INFO] Finished at: 2026-03-08T23:20:45+05:30
[INFO] ------------------------------------------------------------------------
[ERROR] Failed to execute goal org.springframework.boot:spring-boot-maven-plugin:3.2.2:run (default-cli) on project revhire: Process terminated with exit code: -1 -> [Help 1]
[ERROR] 
[ERROR] To see the full stack trace of the errors, re-run Maven with the -e switch.
[ERROR] Re-run Maven using the -X switch to enable full debug logging.
[ERROR] 
[ERROR] For more information about the errors and possible solutions, please read the following articles:
[ERROR] [Help 1] http://cwiki.apache.org/confluence/display/MAVEN/MojoExecutionException
